<?xml version="1.0" encoding="UTF-8"?>
<!-- Generated by org.testng.reporters.JUnitReportReporter -->
<testsuite hostname="DESKTOP-DJ47Q0F" failures="0" tests="1" name="com.testrunner.SearchFlightTest" time="7.934" errors="0" timestamp="2022-08-18T15:34:33 IST" skipped="0">
  <testcase classname="com.testrunner.SearchFlightTest" name="runScenario" time="7.934"/>
  <system-out/>
</testsuite> <!-- com.testrunner.SearchFlightTest -->
